0 info it worked if it ends with ok
1 verbose cli [ '/Users/usr1/.nvm/versions/node/v7.1.0/bin/node',
1 verbose cli   '/Users/usr1/.nvm/versions/node/v7.1.0/bin/npm',
1 verbose cli   'run',
1 verbose cli   'open:src' ]
2 info using npm@3.10.9
3 info using node@v7.1.0
4 verbose run-script [ 'preopen:src', 'open:src', 'postopen:src' ]
5 info lifecycle Form@0.1.0~preopen:src: Form@0.1.0
6 silly lifecycle Form@0.1.0~preopen:src: no script for preopen:src, continuing
7 info lifecycle Form@0.1.0~open:src: Form@0.1.0
8 verbose lifecycle Form@0.1.0~open:src: unsafe-perm in lifecycle true
9 verbose lifecycle Form@0.1.0~open:src: PATH: /Users/usr1/.nvm/versions/node/v7.1.0/lib/node_modules/npm/bin/node-gyp-bin:/Users/usr1/Projects/ReactPlayground/node_modules/.bin:/Users/usr1/.nvm/versions/node/v7.1.0/bin:/opt/local/bin:/opt/local/sbin:/opt/local/bin:/opt/local/sbin:/usr/local/bin:/usr/bin:/bin:/usr/sbin:/sbin:/opt/X11/bin:/Users/usr1/.bin:/Users/usr1/Projects/dotfiles/powerline/scripts
10 verbose lifecycle Form@0.1.0~open:src: CWD: /Users/usr1/Projects/ReactPlayground
11 silly lifecycle Form@0.1.0~open:src: Args: [ '-c', 'babel-node tools/srcServer.js' ]
12 silly lifecycle Form@0.1.0~open:src: Returned: code: 1  signal: null
13 info lifecycle Form@0.1.0~open:src: Failed to exec open:src script
14 verbose stack Error: Form@0.1.0 open:src: `babel-node tools/srcServer.js`
14 verbose stack Exit status 1
14 verbose stack     at EventEmitter.<anonymous> (/Users/usr1/.nvm/versions/node/v7.1.0/lib/node_modules/npm/lib/utils/lifecycle.js:255:16)
14 verbose stack     at emitTwo (events.js:106:13)
14 verbose stack     at EventEmitter.emit (events.js:191:7)
14 verbose stack     at ChildProcess.<anonymous> (/Users/usr1/.nvm/versions/node/v7.1.0/lib/node_modules/npm/lib/utils/spawn.js:40:14)
14 verbose stack     at emitTwo (events.js:106:13)
14 verbose stack     at ChildProcess.emit (events.js:191:7)
14 verbose stack     at maybeClose (internal/child_process.js:885:16)
14 verbose stack     at Process.ChildProcess._handle.onexit (internal/child_process.js:226:5)
15 verbose pkgid Form@0.1.0
16 verbose cwd /Users/usr1/Projects/ReactPlayground
17 error Darwin 16.0.0
18 error argv "/Users/usr1/.nvm/versions/node/v7.1.0/bin/node" "/Users/usr1/.nvm/versions/node/v7.1.0/bin/npm" "run" "open:src"
19 error node v7.1.0
20 error npm  v3.10.9
21 error code ELIFECYCLE
22 error Form@0.1.0 open:src: `babel-node tools/srcServer.js`
22 error Exit status 1
23 error Failed at the Form@0.1.0 open:src script 'babel-node tools/srcServer.js'.
23 error Make sure you have the latest version of node.js and npm installed.
23 error If you do, this is most likely a problem with the Form package,
23 error not with npm itself.
23 error Tell the author that this fails on your system:
23 error     babel-node tools/srcServer.js
23 error You can get information on how to open an issue for this project with:
23 error     npm bugs Form
23 error Or if that isn't available, you can get their info via:
23 error     npm owner ls Form
23 error There is likely additional logging output above.
24 verbose exit [ 1, true ]
